{
  "stats": {
    "suites": 1,
    "tests": 2,
    "passes": 2,
    "pending": 0,
    "failures": 0,
    "start": "2024-06-20T00:18:08.485Z",
    "end": "2024-06-20T00:18:10.486Z",
    "duration": 2001,
    "testsRegistered": 2,
    "passPercent": 100,
    "pendingPercent": 0,
    "other": 0,
    "hasOther": false,
    "skipped": 0,
    "hasSkipped": false
  },
  "results": [
    {
      "uuid": "2677169d-331d-49e2-850b-289b8bbf561c",
      "title": "",
      "fullFile": "/Users/handara/Desktop/CBv6/test/various.spec.js",
      "file": "/test/various.spec.js",
      "beforeHooks": [
        {
          "title": "\"before all\" hook in \"{root}\"",
          "fullTitle": "\"before all\" hook in \"{root}\"",
          "timedOut": false,
          "duration": 651,
          "state": null,
          "speed": null,
          "pass": false,
          "fail": false,
          "pending": false,
          "context": null,
          "code": "var self = this, args = arguments; return new Promise(function (resolve, reject) { var gen = fn.apply(self, args); function _next(value) { asyncGeneratorStep(gen, resolve, reject, _next, _throw, \"next\", value); } function _throw(err) { asyncGeneratorStep(gen, resolve, reject, _next, _throw, \"throw\", err); } _next(undefined); });",
          "err": {},
          "uuid": "eacf6fa5-3fbf-4413-8253-738cc3465aa8",
          "parentUUID": "2677169d-331d-49e2-850b-289b8bbf561c",
          "isHook": true,
          "skipped": false
        }
      ],
      "afterHooks": [],
      "tests": [],
      "suites": [
        {
          "uuid": "16215e6a-aec3-45ec-af42-4aa2437f8155",
          "title": "verify email trim on sign up",
          "fullFile": "/Users/handara/Desktop/CBv6/test/various.spec.js",
          "file": "/test/various.spec.js",
          "beforeHooks": [
            {
              "title": "\"before all\" hook in \"verify email trim on sign up\"",
              "fullTitle": "verify email trim on sign up \"before all\" hook in \"verify email trim on sign up\"",
              "timedOut": false,
              "duration": 1337,
              "state": null,
              "speed": null,
              "pass": false,
              "fail": false,
              "pending": false,
              "context": null,
              "code": "var self = this, args = arguments; return new Promise(function (resolve, reject) { var gen = fn.apply(self, args); function _next(value) { asyncGeneratorStep(gen, resolve, reject, _next, _throw, \"next\", value); } function _throw(err) { asyncGeneratorStep(gen, resolve, reject, _next, _throw, \"throw\", err); } _next(undefined); });",
              "err": {},
              "uuid": "410ac811-04a4-4715-a15c-b8532584265e",
              "parentUUID": "16215e6a-aec3-45ec-af42-4aa2437f8155",
              "isHook": true,
              "skipped": false
            }
          ],
          "afterHooks": [],
          "tests": [
            {
              "title": "verify status code",
              "fullTitle": "verify email trim on sign up verify status code",
              "timedOut": false,
              "duration": 1,
              "state": "passed",
              "speed": "fast",
              "pass": true,
              "fail": false,
              "pending": false,
              "context": null,
              "code": "var self = this, args = arguments; return new Promise(function (resolve, reject) { var gen = fn.apply(self, args); function _next(value) { asyncGeneratorStep(gen, resolve, reject, _next, _throw, \"next\", value); } function _throw(err) { asyncGeneratorStep(gen, resolve, reject, _next, _throw, \"throw\", err); } _next(undefined); });",
              "err": {},
              "uuid": "116bbcf5-b3ff-470b-ace4-c0c4b0771721",
              "parentUUID": "16215e6a-aec3-45ec-af42-4aa2437f8155",
              "isHook": false,
              "skipped": false
            },
            {
              "title": "verify response message",
              "fullTitle": "verify email trim on sign up verify response message",
              "timedOut": false,
              "duration": 1,
              "state": "passed",
              "speed": "fast",
              "pass": true,
              "fail": false,
              "pending": false,
              "context": null,
              "code": "var self = this, args = arguments; return new Promise(function (resolve, reject) { var gen = fn.apply(self, args); function _next(value) { asyncGeneratorStep(gen, resolve, reject, _next, _throw, \"next\", value); } function _throw(err) { asyncGeneratorStep(gen, resolve, reject, _next, _throw, \"throw\", err); } _next(undefined); });",
              "err": {},
              "uuid": "29a3f92f-cae6-404c-b7da-b3f922f9a7a6",
              "parentUUID": "16215e6a-aec3-45ec-af42-4aa2437f8155",
              "isHook": false,
              "skipped": false
            }
          ],
          "suites": [],
          "passes": [
            "116bbcf5-b3ff-470b-ace4-c0c4b0771721",
            "29a3f92f-cae6-404c-b7da-b3f922f9a7a6"
          ],
          "failures": [],
          "pending": [],
          "skipped": [],
          "duration": 2,
          "root": false,
          "rootEmpty": false,
          "_timeout": 10000
        }
      ],
      "passes": [],
      "failures": [],
      "pending": [],
      "skipped": [],
      "duration": 0,
      "root": true,
      "rootEmpty": true,
      "_timeout": 10000
    }
  ],
  "meta": {
    "mocha": {
      "version": "10.4.0"
    },
    "mochawesome": {
      "options": {
        "quiet": false,
        "reportFilename": "mochawesome",
        "saveHtml": true,
        "saveJson": true,
        "consoleReporter": "spec",
        "useInlineDiffs": false,
        "code": true
      },
      "version": "7.1.3"
    },
    "marge": {
      "options": {
        "[object Object]": true
      },
      "version": "6.2.0"
    }
  }
}